<?xml version="1.0" encoding="UTF-8"?>
<!-- Generated by org.testng.reporters.JUnitReportReporter -->
<testsuite skipped="13" hostname="DESKTOP-05024SV" name="org.sampletest.SampleTestNgAmaonDataProvider" tests="16" failures="0" timestamp="10 Feb 2022 06:59:43 GMT" time="74.070" errors="1">
  <testcase name="tc01" time="15.797" classname="org.sampletest.SampleTestNgAmaonDataProvider">
    <skipped/>
  </testcase> <!-- tc01 -->
  <testcase name="tc01" time="43.948" classname="org.sampletest.SampleTestNgAmaonDataProvider"/>
  <testcase name="tc01" time="0.000" classname="org.sampletest.SampleTestNgAmaonDataProvider">
    <skipped/>
  </testcase> <!-- tc01 -->
  <testcase name="tc01" time="0.000" classname="org.sampletest.SampleTestNgAmaonDataProvider">
    <skipped/>
  </testcase> <!-- tc01 -->
  <testcase name="tc01" time="0.000" classname="org.sampletest.SampleTestNgAmaonDataProvider">
    <skipped/>
  </testcase> <!-- tc01 -->
  <testcase name="tc01" time="0.000" classname="org.sampletest.SampleTestNgAmaonDataProvider">
    <skipped/>
  </testcase> <!-- tc01 -->
  <testcase name="beforeMethod" time="5.221" classname="org.sampletest.SampleTestNgAmaonDataProvider">
    <error type="org.openqa.selenium.WebDriverException" message="unknown error: cannot determine loading status
from disconnected: received Inspector.detached event
  (Session info: chrome=98.0.4758.82)
Build info: version: &#039;4.1.1&#039;, revision: &#039;e8fcc2cecf&#039;
System info: host: &#039;DESKTOP-05024SV&#039;, ip: &#039;192.168.1.2&#039;, os.name: &#039;Windows 10&#039;, os.arch: &#039;amd64&#039;, os.version: &#039;10.0&#039;, java.version: &#039;1.8.0_202&#039;
Driver info: org.openqa.selenium.chrome.ChromeDriver
Command: [fba4e2d6ccd1b9546bd72b1a87c0b5ee, get {url=https://www.amazon.in/}]
Capabilities {acceptInsecureCerts: false, browserName: chrome, browserVersion: 98.0.4758.82, chrome: {chromedriverVersion: 98.0.4758.80 (7f0488e8ba0d8..., userDataDir: C:\Users\WIN10~1\AppData\Lo...}, goog:chromeOptions: {debuggerAddress: localhost:62959}, javascriptEnabled: true, networkConnectionEnabled: false, pageLoadStrategy: normal, platform: WINDOWS, platformName: WINDOWS, proxy: Proxy(), se:cdp: ws://localhost:62959/devtoo..., se:cdpVersion: 98.0.4758.82, setWindowRect: true, strictFileInteractability: false, timeouts: {implicit: 0, pageLoad: 300000, script: 30000}, unhandledPromptBehavior: dismiss and notify, webauthn:extension:credBlob: true, webauthn:extension:largeBlob: true, webauthn:virtualAuthenticators: true}
Session ID: fba4e2d6ccd1b9546bd72b1a87c0b5ee">
      <![CDATA[org.openqa.selenium.WebDriverException: unknown error: cannot determine loading status
from disconnected: received Inspector.detached event
  (Session info: chrome=98.0.4758.82)
Build info: version: '4.1.1', revision: 'e8fcc2cecf'
System info: host: 'DESKTOP-05024SV', ip: '192.168.1.2', os.name: 'Windows 10', os.arch: 'amd64', os.version: '10.0', java.version: '1.8.0_202'
Driver info: org.openqa.selenium.chrome.ChromeDriver
Command: [fba4e2d6ccd1b9546bd72b1a87c0b5ee, get {url=https://www.amazon.in/}]
Capabilities {acceptInsecureCerts: false, browserName: chrome, browserVersion: 98.0.4758.82, chrome: {chromedriverVersion: 98.0.4758.80 (7f0488e8ba0d8..., userDataDir: C:\Users\WIN10~1\AppData\Lo...}, goog:chromeOptions: {debuggerAddress: localhost:62959}, javascriptEnabled: true, networkConnectionEnabled: false, pageLoadStrategy: normal, platform: WINDOWS, platformName: WINDOWS, proxy: Proxy(), se:cdp: ws://localhost:62959/devtoo..., se:cdpVersion: 98.0.4758.82, setWindowRect: true, strictFileInteractability: false, timeouts: {implicit: 0, pageLoad: 300000, script: 30000}, unhandledPromptBehavior: dismiss and notify, webauthn:extension:credBlob: true, webauthn:extension:largeBlob: true, webauthn:virtualAuthenticators: true}
Session ID: fba4e2d6ccd1b9546bd72b1a87c0b5ee
at sun.reflect.NativeConstructorAccessorImpl.newInstance0(Native Method)
at sun.reflect.NativeConstructorAccessorImpl.newInstance(Unknown Source)
at sun.reflect.DelegatingConstructorAccessorImpl.newInstance(Unknown Source)
at java.lang.reflect.Constructor.newInstance(Unknown Source)
at org.openqa.selenium.remote.codec.w3c.W3CHttpResponseCodec.createException(W3CHttpResponseCodec.java:200)
at org.openqa.selenium.remote.codec.w3c.W3CHttpResponseCodec.decode(W3CHttpResponseCodec.java:133)
at org.openqa.selenium.remote.codec.w3c.W3CHttpResponseCodec.decode(W3CHttpResponseCodec.java:53)
at org.openqa.selenium.remote.HttpCommandExecutor.execute(HttpCommandExecutor.java:184)
at org.openqa.selenium.remote.service.DriverCommandExecutor.invokeExecute(DriverCommandExecutor.java:167)
at org.openqa.selenium.remote.service.DriverCommandExecutor.execute(DriverCommandExecutor.java:142)
at org.openqa.selenium.remote.RemoteWebDriver.execute(RemoteWebDriver.java:543)
at org.openqa.selenium.remote.RemoteWebDriver.get(RemoteWebDriver.java:312)
at org.sampletest.SampleTestNgAmaonDataProvider.beforeMethod(SampleTestNgAmaonDataProvider.java:27)
at sun.reflect.NativeMethodAccessorImpl.invoke0(Native Method)
at sun.reflect.NativeMethodAccessorImpl.invoke(Unknown Source)
at sun.reflect.DelegatingMethodAccessorImpl.invoke(Unknown Source)
at java.lang.reflect.Method.invoke(Unknown Source)
at org.testng.internal.MethodInvocationHelper.invokeMethod(MethodInvocationHelper.java:124)
at org.testng.internal.MethodInvocationHelper.invokeMethodConsideringTimeout(MethodInvocationHelper.java:59)
at org.testng.internal.Invoker.invokeConfigurationMethod(Invoker.java:458)
at org.testng.internal.Invoker.invokeConfigurations(Invoker.java:222)
at org.testng.internal.Invoker.invokeMethod(Invoker.java:523)
at org.testng.internal.Invoker.invokeTestMethod(Invoker.java:719)
at org.testng.internal.Invoker.invokeTestMethods(Invoker.java:989)
at org.testng.internal.TestMethodWorker.invokeTestMethods(TestMethodWorker.java:125)
at org.testng.internal.TestMethodWorker.run(TestMethodWorker.java:109)
at org.testng.TestRunner.privateRun(TestRunner.java:648)
at org.testng.TestRunner.run(TestRunner.java:505)
at org.testng.SuiteRunner.runTest(SuiteRunner.java:455)
at org.testng.SuiteRunner.runSequentially(SuiteRunner.java:450)
at org.testng.SuiteRunner.privateRun(SuiteRunner.java:415)
at org.testng.SuiteRunner.run(SuiteRunner.java:364)
at org.testng.SuiteRunnerWorker.runSuite(SuiteRunnerWorker.java:52)
at org.testng.SuiteRunnerWorker.run(SuiteRunnerWorker.java:84)
at org.testng.TestNG.runSuitesSequentially(TestNG.java:1208)
at org.testng.TestNG.runSuitesLocally(TestNG.java:1137)
at org.testng.TestNG.runSuites(TestNG.java:1049)
at org.testng.TestNG.run(TestNG.java:1017)
at org.testng.remote.AbstractRemoteTestNG.run(AbstractRemoteTestNG.java:132)
at org.testng.remote.RemoteTestNG.initAndRun(RemoteTestNG.java:236)
at org.testng.remote.RemoteTestNG.main(RemoteTestNG.java:81)
]]>
    </error>
  </testcase> <!-- beforeMethod -->
  <testcase name="tc01" time="0.000" classname="org.sampletest.SampleTestNgAmaonDataProvider">
    <skipped/>
  </testcase> <!-- tc01 -->
  <testcase name="tc01" time="0.000" classname="org.sampletest.SampleTestNgAmaonDataProvider">
    <skipped/>
  </testcase> <!-- tc01 -->
  <testcase name="tc01" time="0.000" classname="org.sampletest.SampleTestNgAmaonDataProvider">
    <skipped/>
  </testcase> <!-- tc01 -->
  <testcase name="tc01" time="0.000" classname="org.sampletest.SampleTestNgAmaonDataProvider">
    <skipped/>
  </testcase> <!-- tc01 -->
  <testcase name="tc01" time="0.000" classname="org.sampletest.SampleTestNgAmaonDataProvider">
    <skipped/>
  </testcase> <!-- tc01 -->
  <testcase name="tc01" time="0.000" classname="org.sampletest.SampleTestNgAmaonDataProvider">
    <skipped/>
  </testcase> <!-- tc01 -->
  <testcase name="tc01" time="9.104" classname="org.sampletest.SampleTestNgAmaonDataProvider"/>
  <testcase name="tc01" time="0.000" classname="org.sampletest.SampleTestNgAmaonDataProvider">
    <skipped/>
  </testcase> <!-- tc01 -->
  <testcase name="tc01" time="0.000" classname="org.sampletest.SampleTestNgAmaonDataProvider">
    <skipped/>
  </testcase> <!-- tc01 -->
</testsuite> <!-- org.sampletest.SampleTestNgAmaonDataProvider -->
